<?xml version="1.0" encoding="UTF-8"?>
<!-- Generated by org.testng.reporters.JUnitXMLReporter -->
<testsuite hostname="LAPTOP-LUS4N0CT" name="Default test" tests="5" failures="0" timestamp="21 Aug 2022 10:40:42 GMT" time="4.298" errors="0">
  <testcase name="createsession" time="2.554" classname="org.jiratestng.JiraTestNg"/>
  <testcase name="createissue" time="0.817" classname="org.jiratestng.JiraTestNg"/>
  <testcase name="addcomment" time="0.098" classname="org.jiratestng.JiraTestNg"/>
  <testcase name="Addattachement" time="0.181" classname="org.jiratestng.JiraTestNg"/>
  <testcase name="getcomments" time="0.604" classname="org.jiratestng.JiraTestNg"/>
</testsuite> <!-- Default test -->
