<?xml version="1.0" encoding="UTF-8"?>
<testng-results skipped="0" failed="0" total="5" passed="5">
  <reporter-output>
  </reporter-output>
  <suite name="Default suite" duration-ms="4298" started-at="2022-08-21T10:40:38Z" finished-at="2022-08-21T10:40:42Z">
    <groups>
    </groups>
    <test name="Default test" duration-ms="4298" started-at="2022-08-21T10:40:38Z" finished-at="2022-08-21T10:40:42Z">
      <class name="org.jiratestng.JiraTestNg">
        <test-method status="PASS" signature="createsession()[pri:1, instance:org.jiratestng.JiraTestNg@548a9f61]" name="createsession" duration-ms="2554" started-at="2022-08-21T16:10:38Z" finished-at="2022-08-21T16:10:41Z">
          <reporter-output>
          </reporter-output>
        </test-method> <!-- createsession -->
        <test-method status="PASS" signature="createissue()[pri:2, instance:org.jiratestng.JiraTestNg@548a9f61]" name="createissue" duration-ms="817" started-at="2022-08-21T16:10:41Z" finished-at="2022-08-21T16:10:41Z">
          <reporter-output>
          </reporter-output>
        </test-method> <!-- createissue -->
        <test-method status="PASS" signature="addcomment()[pri:3, instance:org.jiratestng.JiraTestNg@548a9f61]" name="addcomment" duration-ms="98" started-at="2022-08-21T16:10:41Z" finished-at="2022-08-21T16:10:42Z">
          <reporter-output>
          </reporter-output>
        </test-method> <!-- addcomment -->
        <test-method status="PASS" signature="Addattachement()[pri:4, instance:org.jiratestng.JiraTestNg@548a9f61]" name="Addattachement" duration-ms="181" started-at="2022-08-21T16:10:42Z" finished-at="2022-08-21T16:10:42Z">
          <reporter-output>
          </reporter-output>
        </test-method> <!-- Addattachement -->
        <test-method status="PASS" signature="getcomments()[pri:5, instance:org.jiratestng.JiraTestNg@548a9f61]" name="getcomments" duration-ms="604" started-at="2022-08-21T16:10:42Z" finished-at="2022-08-21T16:10:42Z">
          <reporter-output>
          </reporter-output>
        </test-method> <!-- getcomments -->
      </class> <!-- org.jiratestng.JiraTestNg -->
    </test> <!-- Default test -->
  </suite> <!-- Default suite -->
</testng-results>
