<?xml version="1.0" encoding="UTF-8"?>
<testng-results skipped="0" failed="0" total="3" passed="3">
  <reporter-output>
  </reporter-output>
  <suite name="Default suite" duration-ms="6490" started-at="2022-08-17T22:51:52Z" finished-at="2022-08-17T22:51:58Z">
    <groups>
    </groups>
    <test name="Default test" duration-ms="6490" started-at="2022-08-17T22:51:52Z" finished-at="2022-08-17T22:51:58Z">
      <class name="org.petstore.TestNgModelApi">
        <test-method status="PASS" signature="addpet()[pri:1, instance:org.petstore.TestNgModelApi@62ee68d8]" name="addpet" duration-ms="3881" started-at="2022-08-18T04:21:52Z" finished-at="2022-08-18T04:21:55Z">
          <reporter-output>
          </reporter-output>
        </test-method> <!-- addpet -->
        <test-method status="PASS" signature="update()[pri:2, instance:org.petstore.TestNgModelApi@62ee68d8]" name="update" duration-ms="1242" started-at="2022-08-18T04:21:55Z" finished-at="2022-08-18T04:21:57Z">
          <reporter-output>
          </reporter-output>
        </test-method> <!-- update -->
        <test-method status="PASS" signature="getid()[pri:3, instance:org.petstore.TestNgModelApi@62ee68d8]" name="getid" duration-ms="1333" started-at="2022-08-18T04:21:57Z" finished-at="2022-08-18T04:21:58Z">
          <reporter-output>
          </reporter-output>
        </test-method> <!-- getid -->
      </class> <!-- org.petstore.TestNgModelApi -->
    </test> <!-- Default test -->
  </suite> <!-- Default suite -->
</testng-results>
